<?xml version="1.0" encoding="UTF-8"?>
<!-- Generated by org.testng.reporters.JUnitReportReporter -->
<testsuite hostname="Azizul-Hoque" failures="0" tests="1" name="testcases.TC6_EndToEndTest" time="21.655" errors="0" timestamp="2024-11-25T11:55:21 EST" skipped="0">
  <testcase classname="testcases.TC6_EndToEndTest" name="executeEndToEndTest" time="21.655"/>
</testsuite> <!-- testcases.TC6_EndToEndTest -->
